<?xml version="1.0" encoding="UTF-8"?>
<!-- Generated by org.testng.reporters.JUnitReportReporter -->
<testsuite hostname="LAPTOP-6U57ATUB" failures="0" tests="1" name="com.Test.Arunkumar.TestNGRunner.RegressionTestngRunner" time="7.139" errors="0" timestamp="2021-12-30T00:51:27 GMT" skipped="0">
  <testcase classname="com.Test.Arunkumar.TestNGRunner.RegressionTestngRunner" name="runScenario" time="7.139"/>
  <system-out/>
</testsuite> <!-- com.Test.Arunkumar.TestNGRunner.RegressionTestngRunner -->
